<?xml version="1.0" encoding="UTF-8"?>
<testng-results ignored="6" total="9" passed="2" failed="1" skipped="0">
  <reporter-output>
  </reporter-output>
  <suite started-at="2023-06-22T23:38:29 IST" name="Suite" finished-at="2023-06-22T23:38:38 IST" duration-ms="8513">
    <groups>
    </groups>
    <test started-at="2023-06-22T23:38:29 IST" name="3Test" finished-at="2023-06-22T23:38:34 IST" duration-ms="4255">
      <class name="testNg.ParallelExecution">
        <test-method signature="runInFirefox()[pri:0, instance:testNg.ParallelExecution@72e5a8e]" started-at="2023-06-22T23:38:29 IST" name="runInFirefox" finished-at="2023-06-22T23:38:34 IST" duration-ms="4214" status="PASS">
          <reporter-output>
          </reporter-output>
        </test-method> <!-- runInFirefox -->
      </class> <!-- testNg.ParallelExecution -->
    </test> <!-- 3Test -->
    <test started-at="2023-06-22T23:38:29 IST" name="2Test" finished-at="2023-06-22T23:38:38 IST" duration-ms="8445">
      <class name="testNg.ParallelExecution">
        <test-method signature="runInEdge()[pri:0, instance:testNg.ParallelExecution@4efac082]" started-at="2023-06-22T23:38:29 IST" name="runInEdge" finished-at="2023-06-22T23:38:38 IST" duration-ms="8407" status="FAIL">
          <exception class="java.lang.AssertionError">
            <message>
              <![CDATA[Failed Testcase]]>
            </message>
            <full-stacktrace>
              <![CDATA[java.lang.AssertionError: Failed Testcase
at org.testng.Assert.fail(Assert.java:99)
at testNg.ParallelExecution.runInEdge(ParallelExecution.java:27)
at java.base/jdk.internal.reflect.NativeMethodAccessorImpl.invoke0(Native Method)
at java.base/jdk.internal.reflect.NativeMethodAccessorImpl.invoke(NativeMethodAccessorImpl.java:77)
at java.base/jdk.internal.reflect.DelegatingMethodAccessorImpl.invoke(DelegatingMethodAccessorImpl.java:43)
at java.base/java.lang.reflect.Method.invoke(Method.java:568)
at org.testng.internal.MethodInvocationHelper.invokeMethod(MethodInvocationHelper.java:133)
at org.testng.internal.TestInvoker.invokeMethod(TestInvoker.java:598)
at org.testng.internal.TestInvoker.invokeTestMethod(TestInvoker.java:173)
at org.testng.internal.MethodRunner.runInSequence(MethodRunner.java:46)
at org.testng.internal.TestInvoker$MethodInvocationAgent.invoke(TestInvoker.java:824)
at org.testng.internal.TestInvoker.invokeTestMethods(TestInvoker.java:146)
at org.testng.internal.TestMethodWorker.invokeTestMethods(TestMethodWorker.java:146)
at org.testng.internal.TestMethodWorker.run(TestMethodWorker.java:128)
at java.base/java.util.ArrayList.forEach(ArrayList.java:1511)
at org.testng.TestRunner.privateRun(TestRunner.java:794)
at org.testng.TestRunner.run(TestRunner.java:596)
at org.testng.SuiteRunner.runTest(SuiteRunner.java:377)
at org.testng.SuiteRunner.access$000(SuiteRunner.java:28)
at org.testng.SuiteRunner$SuiteWorker.run(SuiteRunner.java:418)
at org.testng.internal.thread.ThreadUtil.lambda$execute$0(ThreadUtil.java:64)
at java.base/java.util.concurrent.FutureTask.run(FutureTask.java:264)
at java.base/java.util.concurrent.ThreadPoolExecutor.runWorker(ThreadPoolExecutor.java:1136)
at java.base/java.util.concurrent.ThreadPoolExecutor$Worker.run(ThreadPoolExecutor.java:635)
at java.base/java.lang.Thread.run(Thread.java:833)
]]>
            </full-stacktrace>
          </exception> <!-- java.lang.AssertionError -->
          <reporter-output>
          </reporter-output>
        </test-method> <!-- runInEdge -->
      </class> <!-- testNg.ParallelExecution -->
    </test> <!-- 2Test -->
    <test started-at="2023-06-22T23:38:29 IST" name="1Test" finished-at="2023-06-22T23:38:38 IST" duration-ms="8513">
      <class name="testNg.ParallelExecution">
        <test-method signature="runInChrome()[pri:0, instance:testNg.ParallelExecution@7fee8714]" started-at="2023-06-22T23:38:29 IST" name="runInChrome" finished-at="2023-06-22T23:38:38 IST" duration-ms="8477" status="PASS">
          <reporter-output>
          </reporter-output>
        </test-method> <!-- runInChrome -->
      </class> <!-- testNg.ParallelExecution -->
    </test> <!-- 1Test -->
  </suite> <!-- Suite -->
</testng-results>
