<?xml version="1.0" encoding="UTF-8"?>
<!-- Generated by org.testng.reporters.JUnitXMLReporter -->
<testsuite ignored="2" hostname="Sonu" failures="1" tests="1" name="2Test" time="8.445" errors="0" timestamp="2023-06-22T23:38:38 IST">
  <testcase classname="testNg.ParallelExecution" name="runInEdge" time="8.407">
    <failure type="java.lang.AssertionError" message="Failed Testcase">
      <![CDATA[java.lang.AssertionError: Failed Testcase
at testNg.ParallelExecution.runInEdge(ParallelExecution.java:27)
at java.base/java.util.ArrayList.forEach(ArrayList.java:1511)
at java.base/java.util.concurrent.FutureTask.run(FutureTask.java:264)
at java.base/java.util.concurrent.ThreadPoolExecutor.runWorker(ThreadPoolExecutor.java:1136)
at java.base/java.util.concurrent.ThreadPoolExecutor$Worker.run(ThreadPoolExecutor.java:635)
at java.base/java.lang.Thread.run(Thread.java:833)
... Removed 19 stack frames]]>
    </failure>
  </testcase> <!-- runInEdge -->
  <testcase classname="testNg.ParallelExecution" name="runInFirefox" time="0.0">
    <ignored/>
  </testcase> <!-- runInFirefox -->
  <testcase classname="testNg.ParallelExecution" name="runInChrome" time="0.0">
    <ignored/>
  </testcase> <!-- runInChrome -->
</testsuite> <!-- 2Test -->
